Invalid HTTP_HOST header: '127.0.0.1:8000'. You may need to add '127.0.0.1' to ALLOWED_HOSTS.
Traceback (most recent call last):
  File "C:\Users\pcp2\sistema_apontamento_2\env_apontamento\lib\site-packages\django\core\handlers\exception.py", line 55, in inner
    response = get_response(request)
  File "C:\Users\pcp2\sistema_apontamento_2\env_apontamento\lib\site-packages\django\utils\deprecation.py", line 133, in __call__
    response = self.process_request(request)
  File "C:\Users\pcp2\sistema_apontamento_2\env_apontamento\lib\site-packages\django\middleware\common.py", line 48, in process_request
    host = request.get_host()
  File "C:\Users\pcp2\sistema_apontamento_2\env_apontamento\lib\site-packages\django\http\request.py", line 150, in get_host
    raise DisallowedHost(msg)
django.core.exceptions.DisallowedHost: Invalid HTTP_HOST header: '127.0.0.1:8000'. You may need to add '127.0.0.1' to ALLOWED_HOSTS.
Invalid HTTP_HOST header: '127.0.0.1:8000'. You may need to add '127.0.0.1' to ALLOWED_HOSTS.
Traceback (most recent call last):
  File "C:\Users\pcp2\sistema_apontamento_2\env_apontamento\lib\site-packages\django\core\handlers\exception.py", line 55, in inner
    response = get_response(request)
  File "C:\Users\pcp2\sistema_apontamento_2\env_apontamento\lib\site-packages\django\utils\deprecation.py", line 133, in __call__
    response = self.process_request(request)
  File "C:\Users\pcp2\sistema_apontamento_2\env_apontamento\lib\site-packages\django\middleware\common.py", line 48, in process_request
    host = request.get_host()
  File "C:\Users\pcp2\sistema_apontamento_2\env_apontamento\lib\site-packages\django\http\request.py", line 150, in get_host
    raise DisallowedHost(msg)
django.core.exceptions.DisallowedHost: Invalid HTTP_HOST header: '127.0.0.1:8000'. You may need to add '127.0.0.1' to ALLOWED_HOSTS.
Invalid HTTP_HOST header: '127.0.0.1:8000'. You may need to add '127.0.0.1' to ALLOWED_HOSTS.
Traceback (most recent call last):
  File "C:\Users\pcp2\sistema_apontamento_2\env_apontamento\lib\site-packages\django\core\handlers\exception.py", line 55, in inner
    response = get_response(request)
  File "C:\Users\pcp2\sistema_apontamento_2\env_apontamento\lib\site-packages\django\utils\deprecation.py", line 133, in __call__
    response = self.process_request(request)
  File "C:\Users\pcp2\sistema_apontamento_2\env_apontamento\lib\site-packages\django\middleware\common.py", line 48, in process_request
    host = request.get_host()
  File "C:\Users\pcp2\sistema_apontamento_2\env_apontamento\lib\site-packages\django\http\request.py", line 150, in get_host
    raise DisallowedHost(msg)
django.core.exceptions.DisallowedHost: Invalid HTTP_HOST header: '127.0.0.1:8000'. You may need to add '127.0.0.1' to ALLOWED_HOSTS.
Invalid HTTP_HOST header: '127.0.0.1:8000'. You may need to add '127.0.0.1' to ALLOWED_HOSTS.
Traceback (most recent call last):
  File "C:\Users\pcp2\sistema_apontamento_2\env_apontamento\lib\site-packages\django\core\handlers\exception.py", line 55, in inner
    response = get_response(request)
  File "C:\Users\pcp2\sistema_apontamento_2\env_apontamento\lib\site-packages\django\utils\deprecation.py", line 133, in __call__
    response = self.process_request(request)
  File "C:\Users\pcp2\sistema_apontamento_2\env_apontamento\lib\site-packages\django\middleware\common.py", line 48, in process_request
    host = request.get_host()
  File "C:\Users\pcp2\sistema_apontamento_2\env_apontamento\lib\site-packages\django\http\request.py", line 150, in get_host
    raise DisallowedHost(msg)
django.core.exceptions.DisallowedHost: Invalid HTTP_HOST header: '127.0.0.1:8000'. You may need to add '127.0.0.1' to ALLOWED_HOSTS.
Invalid HTTP_HOST header: '127.0.0.1:8000'. You may need to add '127.0.0.1' to ALLOWED_HOSTS.
Traceback (most recent call last):
  File "C:\Users\pcp2\sistema_apontamento_2\env_apontamento\lib\site-packages\django\core\handlers\exception.py", line 55, in inner
    response = get_response(request)
  File "C:\Users\pcp2\sistema_apontamento_2\env_apontamento\lib\site-packages\django\utils\deprecation.py", line 133, in __call__
    response = self.process_request(request)
  File "C:\Users\pcp2\sistema_apontamento_2\env_apontamento\lib\site-packages\django\middleware\common.py", line 48, in process_request
    host = request.get_host()
  File "C:\Users\pcp2\sistema_apontamento_2\env_apontamento\lib\site-packages\django\http\request.py", line 150, in get_host
    raise DisallowedHost(msg)
django.core.exceptions.DisallowedHost: Invalid HTTP_HOST header: '127.0.0.1:8000'. You may need to add '127.0.0.1' to ALLOWED_HOSTS.
Invalid HTTP_HOST header: '127.0.0.1:8000'. You may need to add '127.0.0.1' to ALLOWED_HOSTS.
Traceback (most recent call last):
  File "C:\Users\pcp2\sistema_apontamento_2\env_apontamento\lib\site-packages\django\core\handlers\exception.py", line 55, in inner
    response = get_response(request)
  File "C:\Users\pcp2\sistema_apontamento_2\env_apontamento\lib\site-packages\django\utils\deprecation.py", line 133, in __call__
    response = self.process_request(request)
  File "C:\Users\pcp2\sistema_apontamento_2\env_apontamento\lib\site-packages\django\middleware\common.py", line 48, in process_request
    host = request.get_host()
  File "C:\Users\pcp2\sistema_apontamento_2\env_apontamento\lib\site-packages\django\http\request.py", line 150, in get_host
    raise DisallowedHost(msg)
django.core.exceptions.DisallowedHost: Invalid HTTP_HOST header: '127.0.0.1:8000'. You may need to add '127.0.0.1' to ALLOWED_HOSTS.
Invalid HTTP_HOST header: '127.0.0.1:8000'. You may need to add '127.0.0.1' to ALLOWED_HOSTS.
Traceback (most recent call last):
  File "C:\Users\pcp2\sistema_apontamento_2\env_apontamento\lib\site-packages\django\core\handlers\exception.py", line 55, in inner
    response = get_response(request)
  File "C:\Users\pcp2\sistema_apontamento_2\env_apontamento\lib\site-packages\django\utils\deprecation.py", line 133, in __call__
    response = self.process_request(request)
  File "C:\Users\pcp2\sistema_apontamento_2\env_apontamento\lib\site-packages\django\middleware\common.py", line 48, in process_request
    host = request.get_host()
  File "C:\Users\pcp2\sistema_apontamento_2\env_apontamento\lib\site-packages\django\http\request.py", line 150, in get_host
    raise DisallowedHost(msg)
django.core.exceptions.DisallowedHost: Invalid HTTP_HOST header: '127.0.0.1:8000'. You may need to add '127.0.0.1' to ALLOWED_HOSTS.
Invalid HTTP_HOST header: '127.0.0.1:8000'. You may need to add '127.0.0.1' to ALLOWED_HOSTS.
Traceback (most recent call last):
  File "C:\Users\pcp2\sistema_apontamento_2\env_apontamento\lib\site-packages\django\core\handlers\exception.py", line 55, in inner
    response = get_response(request)
  File "C:\Users\pcp2\sistema_apontamento_2\env_apontamento\lib\site-packages\django\utils\deprecation.py", line 133, in __call__
    response = self.process_request(request)
  File "C:\Users\pcp2\sistema_apontamento_2\env_apontamento\lib\site-packages\django\middleware\common.py", line 48, in process_request
    host = request.get_host()
  File "C:\Users\pcp2\sistema_apontamento_2\env_apontamento\lib\site-packages\django\http\request.py", line 150, in get_host
    raise DisallowedHost(msg)
django.core.exceptions.DisallowedHost: Invalid HTTP_HOST header: '127.0.0.1:8000'. You may need to add '127.0.0.1' to ALLOWED_HOSTS.
Internal Server Error: /usinagem/planejar/
Traceback (most recent call last):
  File "C:\Users\pcp2\sistema_apontamento_2\env_apontamento\lib\site-packages\django\db\models\fields\__init__.py", line 2053, in get_prep_value
    return int(value)
ValueError: invalid literal for int() with base 10: ''

The above exception was the direct cause of the following exception:

Traceback (most recent call last):
  File "C:\Users\pcp2\sistema_apontamento_2\env_apontamento\lib\site-packages\django\core\handlers\exception.py", line 55, in inner
    response = get_response(request)
  File "C:\Users\pcp2\sistema_apontamento_2\env_apontamento\lib\site-packages\django\core\handlers\base.py", line 197, in _get_response
    response = wrapped_callback(request, *callback_args, **callback_kwargs)
  File "C:\Users\pcp2\sistema_apontamento_2\apontamento_v2\apontamento_usinagem\views.py", line 58, in planejar
    maquina = Maquina.objects.get(id=maquina)
  File "C:\Users\pcp2\sistema_apontamento_2\env_apontamento\lib\site-packages\django\db\models\manager.py", line 87, in manager_method
    return getattr(self.get_queryset(), name)(*args, **kwargs)
  File "C:\Users\pcp2\sistema_apontamento_2\env_apontamento\lib\site-packages\django\db\models\query.py", line 623, in get
    clone = self._chain() if self.query.combinator else self.filter(*args, **kwargs)
  File "C:\Users\pcp2\sistema_apontamento_2\env_apontamento\lib\site-packages\django\db\models\query.py", line 1436, in filter
    return self._filter_or_exclude(False, args, kwargs)
  File "C:\Users\pcp2\sistema_apontamento_2\env_apontamento\lib\site-packages\django\db\models\query.py", line 1454, in _filter_or_exclude
    clone._filter_or_exclude_inplace(negate, args, kwargs)
  File "C:\Users\pcp2\sistema_apontamento_2\env_apontamento\lib\site-packages\django\db\models\query.py", line 1461, in _filter_or_exclude_inplace
    self._query.add_q(Q(*args, **kwargs))
  File "C:\Users\pcp2\sistema_apontamento_2\env_apontamento\lib\site-packages\django\db\models\sql\query.py", line 1546, in add_q
    clause, _ = self._add_q(q_object, self.used_aliases)
  File "C:\Users\pcp2\sistema_apontamento_2\env_apontamento\lib\site-packages\django\db\models\sql\query.py", line 1577, in _add_q
    child_clause, needed_inner = self.build_filter(
  File "C:\Users\pcp2\sistema_apontamento_2\env_apontamento\lib\site-packages\django\db\models\sql\query.py", line 1492, in build_filter
    condition = self.build_lookup(lookups, col, value)
  File "C:\Users\pcp2\sistema_apontamento_2\env_apontamento\lib\site-packages\django\db\models\sql\query.py", line 1319, in build_lookup
    lookup = lookup_class(lhs, rhs)
  File "C:\Users\pcp2\sistema_apontamento_2\env_apontamento\lib\site-packages\django\db\models\lookups.py", line 27, in __init__
    self.rhs = self.get_prep_lookup()
  File "C:\Users\pcp2\sistema_apontamento_2\env_apontamento\lib\site-packages\django\db\models\lookups.py", line 341, in get_prep_lookup
    return super().get_prep_lookup()
  File "C:\Users\pcp2\sistema_apontamento_2\env_apontamento\lib\site-packages\django\db\models\lookups.py", line 85, in get_prep_lookup
    return self.lhs.output_field.get_prep_value(self.rhs)
  File "C:\Users\pcp2\sistema_apontamento_2\env_apontamento\lib\site-packages\django\db\models\fields\__init__.py", line 2055, in get_prep_value
    raise e.__class__(
ValueError: Field 'id' expected a number but got ''.
"POST /usinagem/planejar/ HTTP/1.1" 500 140202
Internal Server Error: /admin/apontamento/apontamento/
Traceback (most recent call last):
  File "C:\Users\pcp2\anaconda3\envs\app_op\lib\site-packages\django\db\models\options.py", line 681, in get_field
    return self.fields_map[field_name]
KeyError: '__str__'

During handling of the above exception, another exception occurred:

Traceback (most recent call last):
  File "C:\Users\pcp2\anaconda3\envs\app_op\lib\site-packages\django\contrib\admin\utils.py", line 272, in lookup_field
    f = _get_non_gfk_field(opts, name)
  File "C:\Users\pcp2\anaconda3\envs\app_op\lib\site-packages\django\contrib\admin\utils.py", line 303, in _get_non_gfk_field
    field = opts.get_field(name)
  File "C:\Users\pcp2\anaconda3\envs\app_op\lib\site-packages\django\db\models\options.py", line 683, in get_field
    raise FieldDoesNotExist(
django.core.exceptions.FieldDoesNotExist: Apontamento has no field named '__str__'

During handling of the above exception, another exception occurred:

Traceback (most recent call last):
  File "C:\Users\pcp2\anaconda3\envs\app_op\lib\site-packages\django\db\models\fields\related_descriptors.py", line 218, in __get__
    rel_obj = self.field.get_cached_value(instance)
  File "C:\Users\pcp2\anaconda3\envs\app_op\lib\site-packages\django\db\models\fields\mixins.py", line 15, in get_cached_value
    return instance._state.fields_cache[cache_name]
KeyError: 'planejamento'

During handling of the above exception, another exception occurred:

Traceback (most recent call last):
  File "C:\Users\pcp2\anaconda3\envs\app_op\lib\site-packages\django\db\backends\utils.py", line 89, in _execute
    return self.cursor.execute(sql, params)
  File "C:\Users\pcp2\anaconda3\envs\app_op\lib\site-packages\django\db\backends\sqlite3\base.py", line 328, in execute
    return super().execute(query, params)
sqlite3.OperationalError: no such column: apontamento_planejamento.processo_id

The above exception was the direct cause of the following exception:

Traceback (most recent call last):
  File "C:\Users\pcp2\anaconda3\envs\app_op\lib\site-packages\django\core\handlers\exception.py", line 55, in inner
    response = get_response(request)
  File "C:\Users\pcp2\anaconda3\envs\app_op\lib\site-packages\django\core\handlers\base.py", line 220, in _get_response
    response = response.render()
  File "C:\Users\pcp2\anaconda3\envs\app_op\lib\site-packages\django\template\response.py", line 114, in render
    self.content = self.rendered_content
  File "C:\Users\pcp2\anaconda3\envs\app_op\lib\site-packages\django\template\response.py", line 92, in rendered_content
    return template.render(context, self._request)
  File "C:\Users\pcp2\anaconda3\envs\app_op\lib\site-packages\django\template\backends\django.py", line 61, in render
    return self.template.render(context)
  File "C:\Users\pcp2\anaconda3\envs\app_op\lib\site-packages\django\template\base.py", line 175, in render
    return self._render(context)
  File "C:\Users\pcp2\anaconda3\envs\app_op\lib\site-packages\django\template\base.py", line 167, in _render
    return self.nodelist.render(context)
  File "C:\Users\pcp2\anaconda3\envs\app_op\lib\site-packages\django\template\base.py", line 1005, in render
    return SafeString("".join([node.render_annotated(context) for node in self]))
  File "C:\Users\pcp2\anaconda3\envs\app_op\lib\site-packages\django\template\base.py", line 1005, in <listcomp>
    return SafeString("".join([node.render_annotated(context) for node in self]))
  File "C:\Users\pcp2\anaconda3\envs\app_op\lib\site-packages\django\template\base.py", line 966, in render_annotated
    return self.render(context)
  File "C:\Users\pcp2\anaconda3\envs\app_op\lib\site-packages\django\template\loader_tags.py", line 157, in render
    return compiled_parent._render(context)
  File "C:\Users\pcp2\anaconda3\envs\app_op\lib\site-packages\django\template\base.py", line 167, in _render
    return self.nodelist.render(context)
  File "C:\Users\pcp2\anaconda3\envs\app_op\lib\site-packages\django\template\base.py", line 1005, in render
    return SafeString("".join([node.render_annotated(context) for node in self]))
  File "C:\Users\pcp2\anaconda3\envs\app_op\lib\site-packages\django\template\base.py", line 1005, in <listcomp>
    return SafeString("".join([node.render_annotated(context) for node in self]))
  File "C:\Users\pcp2\anaconda3\envs\app_op\lib\site-packages\django\template\base.py", line 966, in render_annotated
    return self.render(context)
  File "C:\Users\pcp2\anaconda3\envs\app_op\lib\site-packages\django\template\loader_tags.py", line 157, in render
    return compiled_parent._render(context)
  File "C:\Users\pcp2\anaconda3\envs\app_op\lib\site-packages\django\template\base.py", line 167, in _render
    return self.nodelist.render(context)
  File "C:\Users\pcp2\anaconda3\envs\app_op\lib\site-packages\django\template\base.py", line 1005, in render
    return SafeString("".join([node.render_annotated(context) for node in self]))
  File "C:\Users\pcp2\anaconda3\envs\app_op\lib\site-packages\django\template\base.py", line 1005, in <listcomp>
    return SafeString("".join([node.render_annotated(context) for node in self]))
  File "C:\Users\pcp2\anaconda3\envs\app_op\lib\site-packages\django\template\base.py", line 966, in render_annotated
    return self.render(context)
  File "C:\Users\pcp2\anaconda3\envs\app_op\lib\site-packages\django\template\loader_tags.py", line 63, in render
    result = block.nodelist.render(context)
  File "C:\Users\pcp2\anaconda3\envs\app_op\lib\site-packages\django\template\base.py", line 1005, in render
    return SafeString("".join([node.render_annotated(context) for node in self]))
  File "C:\Users\pcp2\anaconda3\envs\app_op\lib\site-packages\django\template\base.py", line 1005, in <listcomp>
    return SafeString("".join([node.render_annotated(context) for node in self]))
  File "C:\Users\pcp2\anaconda3\envs\app_op\lib\site-packages\django\template\base.py", line 966, in render_annotated
    return self.render(context)
  File "C:\Users\pcp2\anaconda3\envs\app_op\lib\site-packages\django\template\loader_tags.py", line 63, in render
    result = block.nodelist.render(context)
  File "C:\Users\pcp2\anaconda3\envs\app_op\lib\site-packages\django\template\base.py", line 1005, in render
    return SafeString("".join([node.render_annotated(context) for node in self]))
  File "C:\Users\pcp2\anaconda3\envs\app_op\lib\site-packages\django\template\base.py", line 1005, in <listcomp>
    return SafeString("".join([node.render_annotated(context) for node in self]))
  File "C:\Users\pcp2\anaconda3\envs\app_op\lib\site-packages\django\template\base.py", line 966, in render_annotated
    return self.render(context)
  File "C:\Users\pcp2\anaconda3\envs\app_op\lib\site-packages\django\contrib\admin\templatetags\base.py", line 45, in render
    return super().render(context)
  File "C:\Users\pcp2\anaconda3\envs\app_op\lib\site-packages\django\template\library.py", line 258, in render
    _dict = self.func(*resolved_args, **resolved_kwargs)
  File "C:\Users\pcp2\anaconda3\envs\app_op\lib\site-packages\django\contrib\admin\templatetags\admin_list.py", line 336, in result_list
    "results": list(results(cl)),
  File "C:\Users\pcp2\anaconda3\envs\app_op\lib\site-packages\django\contrib\admin\templatetags\admin_list.py", line 312, in results
    yield ResultList(None, items_for_result(cl, res, None))
  File "C:\Users\pcp2\anaconda3\envs\app_op\lib\site-packages\django\contrib\admin\templatetags\admin_list.py", line 303, in __init__
    super().__init__(*items)
  File "C:\Users\pcp2\anaconda3\envs\app_op\lib\site-packages\django\contrib\admin\templatetags\admin_list.py", line 213, in items_for_result
    f, attr, value = lookup_field(field_name, result, cl.model_admin)
  File "C:\Users\pcp2\anaconda3\envs\app_op\lib\site-packages\django\contrib\admin\utils.py", line 285, in lookup_field
    value = attr()
  File "C:\Users\pcp2\apontamento_usinagem\apontamento_v2\apontamento\models.py", line 73, in __str__
    return f'Apontamento de {self.planejamento} em {self.data_apontamento}'
  File "C:\Users\pcp2\anaconda3\envs\app_op\lib\site-packages\django\db\models\fields\related_descriptors.py", line 236, in __get__
    rel_obj = self.get_object(instance)
  File "C:\Users\pcp2\anaconda3\envs\app_op\lib\site-packages\django\db\models\fields\related_descriptors.py", line 199, in get_object
    return qs.get(self.field.get_reverse_related_filter(instance))
  File "C:\Users\pcp2\anaconda3\envs\app_op\lib\site-packages\django\db\models\query.py", line 633, in get
    num = len(clone)
  File "C:\Users\pcp2\anaconda3\envs\app_op\lib\site-packages\django\db\models\query.py", line 380, in __len__
    self._fetch_all()
  File "C:\Users\pcp2\anaconda3\envs\app_op\lib\site-packages\django\db\models\query.py", line 1881, in _fetch_all
    self._result_cache = list(self._iterable_class(self))
  File "C:\Users\pcp2\anaconda3\envs\app_op\lib\site-packages\django\db\models\query.py", line 91, in __iter__
    results = compiler.execute_sql(
  File "C:\Users\pcp2\anaconda3\envs\app_op\lib\site-packages\django\db\models\sql\compiler.py", line 1562, in execute_sql
    cursor.execute(sql, params)
  File "C:\Users\pcp2\anaconda3\envs\app_op\lib\site-packages\django\db\backends\utils.py", line 102, in execute
    return super().execute(sql, params)
  File "C:\Users\pcp2\anaconda3\envs\app_op\lib\site-packages\django\db\backends\utils.py", line 67, in execute
    return self._execute_with_wrappers(
  File "C:\Users\pcp2\anaconda3\envs\app_op\lib\site-packages\django\db\backends\utils.py", line 80, in _execute_with_wrappers
    return executor(sql, params, many, context)
  File "C:\Users\pcp2\anaconda3\envs\app_op\lib\site-packages\django\db\backends\utils.py", line 89, in _execute
    return self.cursor.execute(sql, params)
  File "C:\Users\pcp2\anaconda3\envs\app_op\lib\site-packages\django\db\utils.py", line 91, in __exit__
    raise dj_exc_value.with_traceback(traceback) from exc_value
  File "C:\Users\pcp2\anaconda3\envs\app_op\lib\site-packages\django\db\backends\utils.py", line 89, in _execute
    return self.cursor.execute(sql, params)
  File "C:\Users\pcp2\anaconda3\envs\app_op\lib\site-packages\django\db\backends\sqlite3\base.py", line 328, in execute
    return super().execute(query, params)
django.db.utils.OperationalError: no such column: apontamento_planejamento.processo_id
"GET /admin/apontamento/apontamento/ HTTP/1.1" 500 509881
Internal Server Error: /admin/cadastro/pecas/
Traceback (most recent call last):
  File "C:\Users\pcp2\anaconda3\envs\app_op\lib\site-packages\django\db\models\options.py", line 681, in get_field
    return self.fields_map[field_name]
KeyError: 'setor'

During handling of the above exception, another exception occurred:

Traceback (most recent call last):
  File "C:\Users\pcp2\anaconda3\envs\app_op\lib\site-packages\django\core\handlers\exception.py", line 55, in inner
    response = get_response(request)
  File "C:\Users\pcp2\anaconda3\envs\app_op\lib\site-packages\django\core\handlers\base.py", line 197, in _get_response
    response = wrapped_callback(request, *callback_args, **callback_kwargs)
  File "C:\Users\pcp2\anaconda3\envs\app_op\lib\site-packages\django\contrib\admin\options.py", line 688, in wrapper
    return self.admin_site.admin_view(view)(*args, **kwargs)
  File "C:\Users\pcp2\anaconda3\envs\app_op\lib\site-packages\django\utils\decorators.py", line 134, in _wrapper_view
    response = view_func(request, *args, **kwargs)
  File "C:\Users\pcp2\anaconda3\envs\app_op\lib\site-packages\django\views\decorators\cache.py", line 62, in _wrapper_view_func
    response = view_func(request, *args, **kwargs)
  File "C:\Users\pcp2\anaconda3\envs\app_op\lib\site-packages\django\contrib\admin\sites.py", line 242, in inner
    return view(request, *args, **kwargs)
  File "C:\Users\pcp2\anaconda3\envs\app_op\lib\site-packages\django\utils\decorators.py", line 46, in _wrapper
    return bound_method(*args, **kwargs)
  File "C:\Users\pcp2\anaconda3\envs\app_op\lib\site-packages\django\utils\decorators.py", line 134, in _wrapper_view
    response = view_func(request, *args, **kwargs)
  File "C:\Users\pcp2\anaconda3\envs\app_op\lib\site-packages\django\contrib\admin\options.py", line 1926, in changelist_view
    cl = self.get_changelist_instance(request)
  File "C:\Users\pcp2\anaconda3\envs\app_op\lib\site-packages\django\contrib\admin\options.py", line 836, in get_changelist_instance
    return ChangeList(
  File "C:\Users\pcp2\anaconda3\envs\app_op\lib\site-packages\django\contrib\admin\views\main.py", line 122, in __init__
    self.queryset = self.get_queryset(request)
  File "C:\Users\pcp2\anaconda3\envs\app_op\lib\site-packages\django\contrib\admin\views\main.py", line 546, in get_queryset
    ordering = self.get_ordering(request, qs)
  File "C:\Users\pcp2\anaconda3\envs\app_op\lib\site-packages\django\contrib\admin\views\main.py", line 388, in get_ordering
    return self._get_deterministic_ordering(ordering)
  File "C:\Users\pcp2\anaconda3\envs\app_op\lib\site-packages\django\contrib\admin\views\main.py", line 440, in _get_deterministic_ordering
    fields = [
  File "C:\Users\pcp2\anaconda3\envs\app_op\lib\site-packages\django\contrib\admin\views\main.py", line 441, in <listcomp>
    self.lookup_opts.get_field(field_name) for field_name in field_names
  File "C:\Users\pcp2\anaconda3\envs\app_op\lib\site-packages\django\db\models\options.py", line 683, in get_field
    raise FieldDoesNotExist(
django.core.exceptions.FieldDoesNotExist: Pecas has no field named 'setor'
"GET /admin/cadastro/pecas/ HTTP/1.1" 500 135337
Internal Server Error: /admin/apontamento/apontamento/
Traceback (most recent call last):
  File "C:\Users\pcp2\anaconda3\envs\app_op\lib\site-packages\django\db\models\options.py", line 681, in get_field
    return self.fields_map[field_name]
KeyError: '__str__'

During handling of the above exception, another exception occurred:

Traceback (most recent call last):
  File "C:\Users\pcp2\anaconda3\envs\app_op\lib\site-packages\django\contrib\admin\utils.py", line 272, in lookup_field
    f = _get_non_gfk_field(opts, name)
  File "C:\Users\pcp2\anaconda3\envs\app_op\lib\site-packages\django\contrib\admin\utils.py", line 303, in _get_non_gfk_field
    field = opts.get_field(name)
  File "C:\Users\pcp2\anaconda3\envs\app_op\lib\site-packages\django\db\models\options.py", line 683, in get_field
    raise FieldDoesNotExist(
django.core.exceptions.FieldDoesNotExist: Apontamento has no field named '__str__'

During handling of the above exception, another exception occurred:

Traceback (most recent call last):
  File "C:\Users\pcp2\anaconda3\envs\app_op\lib\site-packages\django\db\models\fields\related_descriptors.py", line 218, in __get__
    rel_obj = self.field.get_cached_value(instance)
  File "C:\Users\pcp2\anaconda3\envs\app_op\lib\site-packages\django\db\models\fields\mixins.py", line 15, in get_cached_value
    return instance._state.fields_cache[cache_name]
KeyError: 'planejamento'

During handling of the above exception, another exception occurred:

Traceback (most recent call last):
  File "C:\Users\pcp2\anaconda3\envs\app_op\lib\site-packages\django\db\backends\utils.py", line 89, in _execute
    return self.cursor.execute(sql, params)
  File "C:\Users\pcp2\anaconda3\envs\app_op\lib\site-packages\django\db\backends\sqlite3\base.py", line 328, in execute
    return super().execute(query, params)
sqlite3.OperationalError: no such column: apontamento_planejamento.processo_id

The above exception was the direct cause of the following exception:

Traceback (most recent call last):
  File "C:\Users\pcp2\anaconda3\envs\app_op\lib\site-packages\django\core\handlers\exception.py", line 55, in inner
    response = get_response(request)
  File "C:\Users\pcp2\anaconda3\envs\app_op\lib\site-packages\django\core\handlers\base.py", line 220, in _get_response
    response = response.render()
  File "C:\Users\pcp2\anaconda3\envs\app_op\lib\site-packages\django\template\response.py", line 114, in render
    self.content = self.rendered_content
  File "C:\Users\pcp2\anaconda3\envs\app_op\lib\site-packages\django\template\response.py", line 92, in rendered_content
    return template.render(context, self._request)
  File "C:\Users\pcp2\anaconda3\envs\app_op\lib\site-packages\django\template\backends\django.py", line 61, in render
    return self.template.render(context)
  File "C:\Users\pcp2\anaconda3\envs\app_op\lib\site-packages\django\template\base.py", line 175, in render
    return self._render(context)
  File "C:\Users\pcp2\anaconda3\envs\app_op\lib\site-packages\django\template\base.py", line 167, in _render
    return self.nodelist.render(context)
  File "C:\Users\pcp2\anaconda3\envs\app_op\lib\site-packages\django\template\base.py", line 1005, in render
    return SafeString("".join([node.render_annotated(context) for node in self]))
  File "C:\Users\pcp2\anaconda3\envs\app_op\lib\site-packages\django\template\base.py", line 1005, in <listcomp>
    return SafeString("".join([node.render_annotated(context) for node in self]))
  File "C:\Users\pcp2\anaconda3\envs\app_op\lib\site-packages\django\template\base.py", line 966, in render_annotated
    return self.render(context)
  File "C:\Users\pcp2\anaconda3\envs\app_op\lib\site-packages\django\template\loader_tags.py", line 157, in render
    return compiled_parent._render(context)
  File "C:\Users\pcp2\anaconda3\envs\app_op\lib\site-packages\django\template\base.py", line 167, in _render
    return self.nodelist.render(context)
  File "C:\Users\pcp2\anaconda3\envs\app_op\lib\site-packages\django\template\base.py", line 1005, in render
    return SafeString("".join([node.render_annotated(context) for node in self]))
  File "C:\Users\pcp2\anaconda3\envs\app_op\lib\site-packages\django\template\base.py", line 1005, in <listcomp>
    return SafeString("".join([node.render_annotated(context) for node in self]))
  File "C:\Users\pcp2\anaconda3\envs\app_op\lib\site-packages\django\template\base.py", line 966, in render_annotated
    return self.render(context)
  File "C:\Users\pcp2\anaconda3\envs\app_op\lib\site-packages\django\template\loader_tags.py", line 157, in render
    return compiled_parent._render(context)
  File "C:\Users\pcp2\anaconda3\envs\app_op\lib\site-packages\django\template\base.py", line 167, in _render
    return self.nodelist.render(context)
  File "C:\Users\pcp2\anaconda3\envs\app_op\lib\site-packages\django\template\base.py", line 1005, in render
    return SafeString("".join([node.render_annotated(context) for node in self]))
  File "C:\Users\pcp2\anaconda3\envs\app_op\lib\site-packages\django\template\base.py", line 1005, in <listcomp>
    return SafeString("".join([node.render_annotated(context) for node in self]))
  File "C:\Users\pcp2\anaconda3\envs\app_op\lib\site-packages\django\template\base.py", line 966, in render_annotated
    return self.render(context)
  File "C:\Users\pcp2\anaconda3\envs\app_op\lib\site-packages\django\template\loader_tags.py", line 63, in render
    result = block.nodelist.render(context)
  File "C:\Users\pcp2\anaconda3\envs\app_op\lib\site-packages\django\template\base.py", line 1005, in render
    return SafeString("".join([node.render_annotated(context) for node in self]))
  File "C:\Users\pcp2\anaconda3\envs\app_op\lib\site-packages\django\template\base.py", line 1005, in <listcomp>
    return SafeString("".join([node.render_annotated(context) for node in self]))
  File "C:\Users\pcp2\anaconda3\envs\app_op\lib\site-packages\django\template\base.py", line 966, in render_annotated
    return self.render(context)
  File "C:\Users\pcp2\anaconda3\envs\app_op\lib\site-packages\django\template\loader_tags.py", line 63, in render
    result = block.nodelist.render(context)
  File "C:\Users\pcp2\anaconda3\envs\app_op\lib\site-packages\django\template\base.py", line 1005, in render
    return SafeString("".join([node.render_annotated(context) for node in self]))
  File "C:\Users\pcp2\anaconda3\envs\app_op\lib\site-packages\django\template\base.py", line 1005, in <listcomp>
    return SafeString("".join([node.render_annotated(context) for node in self]))
  File "C:\Users\pcp2\anaconda3\envs\app_op\lib\site-packages\django\template\base.py", line 966, in render_annotated
    return self.render(context)
  File "C:\Users\pcp2\anaconda3\envs\app_op\lib\site-packages\django\contrib\admin\templatetags\base.py", line 45, in render
    return super().render(context)
  File "C:\Users\pcp2\anaconda3\envs\app_op\lib\site-packages\django\template\library.py", line 258, in render
    _dict = self.func(*resolved_args, **resolved_kwargs)
  File "C:\Users\pcp2\anaconda3\envs\app_op\lib\site-packages\django\contrib\admin\templatetags\admin_list.py", line 336, in result_list
    "results": list(results(cl)),
  File "C:\Users\pcp2\anaconda3\envs\app_op\lib\site-packages\django\contrib\admin\templatetags\admin_list.py", line 312, in results
    yield ResultList(None, items_for_result(cl, res, None))
  File "C:\Users\pcp2\anaconda3\envs\app_op\lib\site-packages\django\contrib\admin\templatetags\admin_list.py", line 303, in __init__
    super().__init__(*items)
  File "C:\Users\pcp2\anaconda3\envs\app_op\lib\site-packages\django\contrib\admin\templatetags\admin_list.py", line 213, in items_for_result
    f, attr, value = lookup_field(field_name, result, cl.model_admin)
  File "C:\Users\pcp2\anaconda3\envs\app_op\lib\site-packages\django\contrib\admin\utils.py", line 285, in lookup_field
    value = attr()
  File "C:\Users\pcp2\apontamento_usinagem\apontamento_v2\apontamento\models.py", line 73, in __str__
    return f'Apontamento de {self.planejamento} em {self.data_apontamento}'
  File "C:\Users\pcp2\anaconda3\envs\app_op\lib\site-packages\django\db\models\fields\related_descriptors.py", line 236, in __get__
    rel_obj = self.get_object(instance)
  File "C:\Users\pcp2\anaconda3\envs\app_op\lib\site-packages\django\db\models\fields\related_descriptors.py", line 199, in get_object
    return qs.get(self.field.get_reverse_related_filter(instance))
  File "C:\Users\pcp2\anaconda3\envs\app_op\lib\site-packages\django\db\models\query.py", line 633, in get
    num = len(clone)
  File "C:\Users\pcp2\anaconda3\envs\app_op\lib\site-packages\django\db\models\query.py", line 380, in __len__
    self._fetch_all()
  File "C:\Users\pcp2\anaconda3\envs\app_op\lib\site-packages\django\db\models\query.py", line 1881, in _fetch_all
    self._result_cache = list(self._iterable_class(self))
  File "C:\Users\pcp2\anaconda3\envs\app_op\lib\site-packages\django\db\models\query.py", line 91, in __iter__
    results = compiler.execute_sql(
  File "C:\Users\pcp2\anaconda3\envs\app_op\lib\site-packages\django\db\models\sql\compiler.py", line 1562, in execute_sql
    cursor.execute(sql, params)
  File "C:\Users\pcp2\anaconda3\envs\app_op\lib\site-packages\django\db\backends\utils.py", line 102, in execute
    return super().execute(sql, params)
  File "C:\Users\pcp2\anaconda3\envs\app_op\lib\site-packages\django\db\backends\utils.py", line 67, in execute
    return self._execute_with_wrappers(
  File "C:\Users\pcp2\anaconda3\envs\app_op\lib\site-packages\django\db\backends\utils.py", line 80, in _execute_with_wrappers
    return executor(sql, params, many, context)
  File "C:\Users\pcp2\anaconda3\envs\app_op\lib\site-packages\django\db\backends\utils.py", line 89, in _execute
    return self.cursor.execute(sql, params)
  File "C:\Users\pcp2\anaconda3\envs\app_op\lib\site-packages\django\db\utils.py", line 91, in __exit__
    raise dj_exc_value.with_traceback(traceback) from exc_value
  File "C:\Users\pcp2\anaconda3\envs\app_op\lib\site-packages\django\db\backends\utils.py", line 89, in _execute
    return self.cursor.execute(sql, params)
  File "C:\Users\pcp2\anaconda3\envs\app_op\lib\site-packages\django\db\backends\sqlite3\base.py", line 328, in execute
    return super().execute(query, params)
django.db.utils.OperationalError: no such column: apontamento_planejamento.processo_id
"GET /admin/apontamento/apontamento/ HTTP/1.1" 500 509866
Internal Server Error: /admin/apontamento/planejamento/
Traceback (most recent call last):
  File "C:\Users\pcp2\anaconda3\envs\app_op\lib\site-packages\django\db\backends\utils.py", line 89, in _execute
    return self.cursor.execute(sql, params)
  File "C:\Users\pcp2\anaconda3\envs\app_op\lib\site-packages\django\db\backends\sqlite3\base.py", line 328, in execute
    return super().execute(query, params)
sqlite3.OperationalError: no such column: apontamento_planejamento.processo_id

The above exception was the direct cause of the following exception:

Traceback (most recent call last):
  File "C:\Users\pcp2\anaconda3\envs\app_op\lib\site-packages\django\core\handlers\exception.py", line 55, in inner
    response = get_response(request)
  File "C:\Users\pcp2\anaconda3\envs\app_op\lib\site-packages\django\core\handlers\base.py", line 197, in _get_response
    response = wrapped_callback(request, *callback_args, **callback_kwargs)
  File "C:\Users\pcp2\anaconda3\envs\app_op\lib\site-packages\django\contrib\admin\options.py", line 688, in wrapper
    return self.admin_site.admin_view(view)(*args, **kwargs)
  File "C:\Users\pcp2\anaconda3\envs\app_op\lib\site-packages\django\utils\decorators.py", line 134, in _wrapper_view
    response = view_func(request, *args, **kwargs)
  File "C:\Users\pcp2\anaconda3\envs\app_op\lib\site-packages\django\views\decorators\cache.py", line 62, in _wrapper_view_func
    response = view_func(request, *args, **kwargs)
  File "C:\Users\pcp2\anaconda3\envs\app_op\lib\site-packages\django\contrib\admin\sites.py", line 242, in inner
    return view(request, *args, **kwargs)
  File "C:\Users\pcp2\anaconda3\envs\app_op\lib\site-packages\django\utils\decorators.py", line 46, in _wrapper
    return bound_method(*args, **kwargs)
  File "C:\Users\pcp2\anaconda3\envs\app_op\lib\site-packages\django\utils\decorators.py", line 134, in _wrapper_view
    response = view_func(request, *args, **kwargs)
  File "C:\Users\pcp2\anaconda3\envs\app_op\lib\site-packages\django\contrib\admin\options.py", line 2065, in changelist_view
    "selection_note": _("0 of %(cnt)s selected") % {"cnt": len(cl.result_list)},
  File "C:\Users\pcp2\anaconda3\envs\app_op\lib\site-packages\django\db\models\query.py", line 380, in __len__
    self._fetch_all()
  File "C:\Users\pcp2\anaconda3\envs\app_op\lib\site-packages\django\db\models\query.py", line 1881, in _fetch_all
    self._result_cache = list(self._iterable_class(self))
  File "C:\Users\pcp2\anaconda3\envs\app_op\lib\site-packages\django\db\models\query.py", line 91, in __iter__
    results = compiler.execute_sql(
  File "C:\Users\pcp2\anaconda3\envs\app_op\lib\site-packages\django\db\models\sql\compiler.py", line 1562, in execute_sql
    cursor.execute(sql, params)
  File "C:\Users\pcp2\anaconda3\envs\app_op\lib\site-packages\django\db\backends\utils.py", line 102, in execute
    return super().execute(sql, params)
  File "C:\Users\pcp2\anaconda3\envs\app_op\lib\site-packages\django\db\backends\utils.py", line 67, in execute
    return self._execute_with_wrappers(
  File "C:\Users\pcp2\anaconda3\envs\app_op\lib\site-packages\django\db\backends\utils.py", line 80, in _execute_with_wrappers
    return executor(sql, params, many, context)
  File "C:\Users\pcp2\anaconda3\envs\app_op\lib\site-packages\django\db\backends\utils.py", line 89, in _execute
    return self.cursor.execute(sql, params)
  File "C:\Users\pcp2\anaconda3\envs\app_op\lib\site-packages\django\db\utils.py", line 91, in __exit__
    raise dj_exc_value.with_traceback(traceback) from exc_value
  File "C:\Users\pcp2\anaconda3\envs\app_op\lib\site-packages\django\db\backends\utils.py", line 89, in _execute
    return self.cursor.execute(sql, params)
  File "C:\Users\pcp2\anaconda3\envs\app_op\lib\site-packages\django\db\backends\sqlite3\base.py", line 328, in execute
    return super().execute(query, params)
django.db.utils.OperationalError: no such column: apontamento_planejamento.processo_id
"GET /admin/apontamento/planejamento/ HTTP/1.1" 500 166464
Internal Server Error: /admin/cadastro/pecamaquina/
Traceback (most recent call last):
  File "C:\Users\pcp2\anaconda3\envs\app_op\lib\site-packages\django\db\backends\utils.py", line 89, in _execute
    return self.cursor.execute(sql, params)
  File "C:\Users\pcp2\anaconda3\envs\app_op\lib\site-packages\django\db\backends\sqlite3\base.py", line 328, in execute
    return super().execute(query, params)
sqlite3.OperationalError: no such table: cadastro_pecamaquina

The above exception was the direct cause of the following exception:

Traceback (most recent call last):
  File "C:\Users\pcp2\anaconda3\envs\app_op\lib\site-packages\django\core\handlers\exception.py", line 55, in inner
    response = get_response(request)
  File "C:\Users\pcp2\anaconda3\envs\app_op\lib\site-packages\django\core\handlers\base.py", line 197, in _get_response
    response = wrapped_callback(request, *callback_args, **callback_kwargs)
  File "C:\Users\pcp2\anaconda3\envs\app_op\lib\site-packages\django\contrib\admin\options.py", line 688, in wrapper
    return self.admin_site.admin_view(view)(*args, **kwargs)
  File "C:\Users\pcp2\anaconda3\envs\app_op\lib\site-packages\django\utils\decorators.py", line 134, in _wrapper_view
    response = view_func(request, *args, **kwargs)
  File "C:\Users\pcp2\anaconda3\envs\app_op\lib\site-packages\django\views\decorators\cache.py", line 62, in _wrapper_view_func
    response = view_func(request, *args, **kwargs)
  File "C:\Users\pcp2\anaconda3\envs\app_op\lib\site-packages\django\contrib\admin\sites.py", line 242, in inner
    return view(request, *args, **kwargs)
  File "C:\Users\pcp2\anaconda3\envs\app_op\lib\site-packages\django\utils\decorators.py", line 46, in _wrapper
    return bound_method(*args, **kwargs)
  File "C:\Users\pcp2\anaconda3\envs\app_op\lib\site-packages\django\utils\decorators.py", line 134, in _wrapper_view
    response = view_func(request, *args, **kwargs)
  File "C:\Users\pcp2\anaconda3\envs\app_op\lib\site-packages\django\contrib\admin\options.py", line 1926, in changelist_view
    cl = self.get_changelist_instance(request)
  File "C:\Users\pcp2\anaconda3\envs\app_op\lib\site-packages\django\contrib\admin\options.py", line 836, in get_changelist_instance
    return ChangeList(
  File "C:\Users\pcp2\anaconda3\envs\app_op\lib\site-packages\django\contrib\admin\views\main.py", line 123, in __init__
    self.get_results(request)
  File "C:\Users\pcp2\anaconda3\envs\app_op\lib\site-packages\django\contrib\admin\views\main.py", line 279, in get_results
    result_count = paginator.count
  File "C:\Users\pcp2\anaconda3\envs\app_op\lib\site-packages\django\utils\functional.py", line 57, in __get__
    res = instance.__dict__[self.name] = self.func(instance)
  File "C:\Users\pcp2\anaconda3\envs\app_op\lib\site-packages\django\core\paginator.py", line 93, in count
    return c()
  File "C:\Users\pcp2\anaconda3\envs\app_op\lib\site-packages\django\db\models\query.py", line 608, in count
    return self.query.get_count(using=self.db)
  File "C:\Users\pcp2\anaconda3\envs\app_op\lib\site-packages\django\db\models\sql\query.py", line 568, in get_count
    return obj.get_aggregation(using, {"__count": Count("*")})["__count"]
  File "C:\Users\pcp2\anaconda3\envs\app_op\lib\site-packages\django\db\models\sql\query.py", line 554, in get_aggregation
    result = compiler.execute_sql(SINGLE)
  File "C:\Users\pcp2\anaconda3\envs\app_op\lib\site-packages\django\db\models\sql\compiler.py", line 1562, in execute_sql
    cursor.execute(sql, params)
  File "C:\Users\pcp2\anaconda3\envs\app_op\lib\site-packages\django\db\backends\utils.py", line 102, in execute
    return super().execute(sql, params)
  File "C:\Users\pcp2\anaconda3\envs\app_op\lib\site-packages\django\db\backends\utils.py", line 67, in execute
    return self._execute_with_wrappers(
  File "C:\Users\pcp2\anaconda3\envs\app_op\lib\site-packages\django\db\backends\utils.py", line 80, in _execute_with_wrappers
    return executor(sql, params, many, context)
  File "C:\Users\pcp2\anaconda3\envs\app_op\lib\site-packages\django\db\backends\utils.py", line 89, in _execute
    return self.cursor.execute(sql, params)
  File "C:\Users\pcp2\anaconda3\envs\app_op\lib\site-packages\django\db\utils.py", line 91, in __exit__
    raise dj_exc_value.with_traceback(traceback) from exc_value
  File "C:\Users\pcp2\anaconda3\envs\app_op\lib\site-packages\django\db\backends\utils.py", line 89, in _execute
    return self.cursor.execute(sql, params)
  File "C:\Users\pcp2\anaconda3\envs\app_op\lib\site-packages\django\db\backends\sqlite3\base.py", line 328, in execute
    return super().execute(query, params)
django.db.utils.OperationalError: no such table: cadastro_pecamaquina
"GET /admin/cadastro/pecamaquina/ HTTP/1.1" 500 183217
