
2025-10-15 15:45:16,287 [INFO] Iniciando atualização das inspeções noturnas...
2025-10-15 15:45:17,339 [INFO] Total de inspeções encontradas: 142
2025-10-15 15:45:17,538 [INFO] Inspetor noturno: autoInspecaoNoturna - inspetor
2025-10-15 15:45:18,134 [INFO] Inspeção ID 8739: Inspetor de 'CARLOS_HENRIQUE - inspetor' para 'autoInspecaoNoturna - inspetor', Data de '2025-07-24 07:32:49.149628-03:00' para '2025-07-23 20:00:00-03:00'
2025-10-15 15:45:18,519 [INFO] Inspeção ID 8876: Inspetor de 'CARLOS_HENRIQUE - inspetor' para 'autoInspecaoNoturna - inspetor', Data de '2025-07-24 15:56:35.890907-03:00' para '2025-07-23 20:00:00-03:00'
2025-10-15 15:45:18,909 [INFO] Inspeção ID 8877: Inspetor de 'CARLOS_HENRIQUE - inspetor' para 'autoInspecaoNoturna - inspetor', Data de '2025-07-24 15:57:39.234560-03:00' para '2025-07-23 20:00:00-03:00'
2025-10-15 15:45:19,295 [INFO] Inspeção ID 8878: Inspetor de 'CARLOS_HENRIQUE - inspetor' para 'autoInspecaoNoturna - inspetor', Data de '2025-07-24 15:59:19.636118-03:00' para '2025-07-23 20:00:00-03:00'
2025-10-15 15:45:19,685 [INFO] Inspeção ID 8879: Inspetor de 'CARLOS_HENRIQUE - inspetor' para 'autoInspecaoNoturna - inspetor', Data de '2025-07-24 16:00:34.261590-03:00' para '2025-07-23 20:00:00-03:00'
2025-10-15 15:45:20,077 [INFO] Inspeção ID 8880: Inspetor de 'CARLOS_HENRIQUE - inspetor' para 'autoInspecaoNoturna - inspetor', Data de '2025-07-24 16:03:05.883424-03:00' para '2025-07-23 20:00:00-03:00'
2025-10-15 15:45:20,498 [INFO] Inspeção ID 8881: Inspetor de 'CARLOS_HENRIQUE - inspetor' para 'autoInspecaoNoturna - inspetor', Data de '2025-07-24 16:05:12.081996-03:00' para '2025-07-23 20:00:00-03:00'
2025-10-15 15:45:21,025 [INFO] Inspeção ID 8882: Inspetor de 'CARLOS_HENRIQUE - inspetor' para 'autoInspecaoNoturna - inspetor', Data de '2025-07-24 16:05:53.133916-03:00' para '2025-07-23 20:00:00-03:00'
2025-10-15 15:45:21,503 [INFO] Inspeção ID 9198: Inspetor de 'CARLOS_HENRIQUE - inspetor' para 'autoInspecaoNoturna - inspetor', Data de '2025-07-29 08:11:50.390731-03:00' para '2025-07-28 20:00:00-03:00'
2025-10-15 15:45:21,904 [INFO] Inspeção ID 9199: Inspetor de 'CARLOS_HENRIQUE - inspetor' para 'autoInspecaoNoturna - inspetor', Data de '2025-07-29 08:13:25.039945-03:00' para '2025-07-28 20:00:00-03:00'
2025-10-15 15:45:22,302 [INFO] Inspeção ID 9201: Inspetor de 'CARLOS_HENRIQUE - inspetor' para 'autoInspecaoNoturna - inspetor', Data de '2025-07-29 08:15:34.168746-03:00' para '2025-07-28 20:00:00-03:00'
2025-10-15 15:45:22,687 [INFO] Inspeção ID 9203: Inspetor de 'CARLOS_HENRIQUE - inspetor' para 'autoInspecaoNoturna - inspetor', Data de '2025-07-29 08:17:33.960561-03:00' para '2025-07-28 20:00:00-03:00'
2025-10-15 15:45:23,087 [INFO] Inspeção ID 9204: Inspetor de 'CARLOS_HENRIQUE - inspetor' para 'autoInspecaoNoturna - inspetor', Data de '2025-07-29 08:18:04.791335-03:00' para '2025-07-28 20:00:00-03:00'
2025-10-15 15:45:23,483 [INFO] Inspeção ID 9374: Inspetor de 'CARLOS_HENRIQUE - inspetor' para 'autoInspecaoNoturna - inspetor', Data de '2025-07-30 09:34:59.260376-03:00' para '2025-07-29 20:00:00-03:00'
2025-10-15 15:45:23,907 [INFO] Inspeção ID 9384: Inspetor de 'CARLOS_HENRIQUE - inspetor' para 'autoInspecaoNoturna - inspetor', Data de '2025-07-30 09:41:31.650791-03:00' para '2025-07-29 20:00:00-03:00'
2025-10-15 15:45:24,323 [INFO] Inspeção ID 9387: Inspetor de 'CARLOS_HENRIQUE - inspetor' para 'autoInspecaoNoturna - inspetor', Data de '2025-07-30 09:42:25.205952-03:00' para '2025-07-29 20:00:00-03:00'
2025-10-15 15:45:24,726 [INFO] Inspeção ID 9391: Inspetor de 'CARLOS_HENRIQUE - inspetor' para 'autoInspecaoNoturna - inspetor', Data de '2025-07-30 09:43:35.468964-03:00' para '2025-07-29 20:00:00-03:00'
2025-10-15 15:45:25,146 [INFO] Inspeção ID 9394: Inspetor de 'CARLOS_HENRIQUE - inspetor' para 'autoInspecaoNoturna - inspetor', Data de '2025-07-30 09:44:14.223762-03:00' para '2025-07-29 20:00:00-03:00'
2025-10-15 15:45:25,587 [INFO] Inspeção ID 9397: Inspetor de 'CARLOS_HENRIQUE - inspetor' para 'autoInspecaoNoturna - inspetor', Data de '2025-07-30 09:45:18.256660-03:00' para '2025-07-29 20:00:00-03:00'
2025-10-15 15:45:25,978 [INFO] Inspeção ID 9403: Inspetor de 'CARLOS_HENRIQUE - inspetor' para 'autoInspecaoNoturna - inspetor', Data de '2025-07-30 09:46:53.035209-03:00' para '2025-07-29 20:00:00-03:00'
2025-10-15 15:45:26,388 [INFO] Inspeção ID 9406: Inspetor de 'CARLOS_HENRIQUE - inspetor' para 'autoInspecaoNoturna - inspetor', Data de '2025-07-30 09:47:52.283510-03:00' para '2025-07-29 20:00:00-03:00'
2025-10-15 15:45:26,788 [INFO] Inspeção ID 9409: Inspetor de 'CARLOS_HENRIQUE - inspetor' para 'autoInspecaoNoturna - inspetor', Data de '2025-07-30 09:48:55.596217-03:00' para '2025-07-29 20:00:00-03:00'
2025-10-15 15:45:27,232 [INFO] Inspeção ID 9411: Inspetor de 'CARLOS_HENRIQUE - inspetor' para 'autoInspecaoNoturna - inspetor', Data de '2025-07-30 09:49:51.227635-03:00' para '2025-07-29 20:00:00-03:00'
2025-10-15 15:45:27,622 [INFO] Inspeção ID 9412: Inspetor de 'CARLOS_HENRIQUE - inspetor' para 'autoInspecaoNoturna - inspetor', Data de '2025-07-30 09:50:45.424439-03:00' para '2025-07-29 20:00:00-03:00'
2025-10-15 15:45:28,011 [INFO] Inspeção ID 9413: Inspetor de 'CARLOS_HENRIQUE - inspetor' para 'autoInspecaoNoturna - inspetor', Data de '2025-07-30 09:51:30.525715-03:00' para '2025-07-29 20:00:00-03:00'
2025-10-15 15:45:28,403 [INFO] Inspeção ID 9417: Inspetor de 'CARLOS_HENRIQUE - inspetor' para 'autoInspecaoNoturna - inspetor', Data de '2025-07-30 09:52:30.585838-03:00' para '2025-07-29 20:00:00-03:00'
2025-10-15 15:45:28,788 [INFO] Inspeção ID 9419: Inspetor de 'CARLOS_HENRIQUE - inspetor' para 'autoInspecaoNoturna - inspetor', Data de '2025-07-30 09:54:01.520393-03:00' para '2025-07-29 20:00:00-03:00'
2025-10-15 15:45:29,173 [INFO] Inspeção ID 9420: Inspetor de 'CARLOS_HENRIQUE - inspetor' para 'autoInspecaoNoturna - inspetor', Data de '2025-07-30 09:54:59.076428-03:00' para '2025-07-29 20:00:00-03:00'
2025-10-15 15:45:29,565 [INFO] Inspeção ID 9423: Inspetor de 'CARLOS_HENRIQUE - inspetor' para 'autoInspecaoNoturna - inspetor', Data de '2025-07-30 09:55:31.116106-03:00' para '2025-07-29 20:00:00-03:00'
2025-10-15 15:45:29,954 [INFO] Inspeção ID 9426: Inspetor de 'CARLOS_HENRIQUE - inspetor' para 'autoInspecaoNoturna - inspetor', Data de '2025-07-30 09:56:39.474175-03:00' para '2025-07-29 20:00:00-03:00'
2025-10-15 15:45:30,339 [INFO] Inspeção ID 9427: Inspetor de 'CARLOS_HENRIQUE - inspetor' para 'autoInspecaoNoturna - inspetor', Data de '2025-07-30 09:57:11.560845-03:00' para '2025-07-29 20:00:00-03:00'
2025-10-15 15:45:30,726 [INFO] Inspeção ID 9428: Inspetor de 'CARLOS_HENRIQUE - inspetor' para 'autoInspecaoNoturna - inspetor', Data de '2025-07-30 09:57:48.063258-03:00' para '2025-07-29 20:00:00-03:00'
2025-10-15 15:45:31,116 [INFO] Inspeção ID 9614: Inspetor de 'CARLOS_HENRIQUE - inspetor' para 'autoInspecaoNoturna - inspetor', Data de '2025-07-31 16:23:42.000119-03:00' para '2025-07-30 20:00:00-03:00'
2025-10-15 15:45:31,507 [INFO] Inspeção ID 9618: Inspetor de 'CARLOS_HENRIQUE - inspetor' para 'autoInspecaoNoturna - inspetor', Data de '2025-07-31 16:24:33.199649-03:00' para '2025-07-30 20:00:00-03:00'
2025-10-15 15:45:31,891 [INFO] Inspeção ID 9633: Inspetor de 'CARLOS_HENRIQUE - inspetor' para 'autoInspecaoNoturna - inspetor', Data de '2025-07-31 16:37:45.586692-03:00' para '2025-07-30 20:00:00-03:00'
2025-10-15 15:45:32,275 [INFO] Inspeção ID 9634: Inspetor de 'CARLOS_HENRIQUE - inspetor' para 'autoInspecaoNoturna - inspetor', Data de '2025-07-31 16:38:28.900430-03:00' para '2025-07-30 20:00:00-03:00'
2025-10-15 15:45:32,662 [INFO] Inspeção ID 9635: Inspetor de 'CARLOS_HENRIQUE - inspetor' para 'autoInspecaoNoturna - inspetor', Data de '2025-07-31 16:39:17.638769-03:00' para '2025-07-30 20:00:00-03:00'
2025-10-15 15:45:33,049 [INFO] Inspeção ID 9636: Inspetor de 'CARLOS_HENRIQUE - inspetor' para 'autoInspecaoNoturna - inspetor', Data de '2025-07-31 16:40:24.374311-03:00' para '2025-07-30 20:00:00-03:00'
2025-10-15 15:45:33,439 [INFO] Inspeção ID 9660: Inspetor de 'CARLOS_HENRIQUE - inspetor' para 'autoInspecaoNoturna - inspetor', Data de '2025-08-01 10:21:05.416826-03:00' para '2025-07-31 20:00:00-03:00'
2025-10-15 15:45:33,833 [INFO] Inspeção ID 9661: Inspetor de 'CARLOS_HENRIQUE - inspetor' para 'autoInspecaoNoturna - inspetor', Data de '2025-08-01 10:22:03.124043-03:00' para '2025-07-31 20:00:00-03:00'
2025-10-15 15:45:34,227 [INFO] Inspeção ID 9662: Inspetor de 'CARLOS_HENRIQUE - inspetor' para 'autoInspecaoNoturna - inspetor', Data de '2025-08-01 10:22:36.171285-03:00' para '2025-07-31 20:00:00-03:00'
2025-10-15 15:45:34,647 [INFO] Inspeção ID 9663: Inspetor de 'CARLOS_HENRIQUE - inspetor' para 'autoInspecaoNoturna - inspetor', Data de '2025-08-01 10:23:20.455951-03:00' para '2025-07-31 20:00:00-03:00'
2025-10-15 15:45:35,038 [INFO] Inspeção ID 9664: Inspetor de 'CARLOS_HENRIQUE - inspetor' para 'autoInspecaoNoturna - inspetor', Data de '2025-08-01 10:24:40.473857-03:00' para '2025-07-31 20:00:00-03:00'
2025-10-15 15:45:35,426 [INFO] Inspeção ID 10167: Inspetor de 'CARLOS_HENRIQUE - inspetor' para 'autoInspecaoNoturna - inspetor', Data de '2025-08-07 14:48:15.642664-03:00' para '2025-08-06 20:00:00-03:00'
2025-10-15 15:45:35,814 [INFO] Inspeção ID 10168: Inspetor de 'CARLOS_HENRIQUE - inspetor' para 'autoInspecaoNoturna - inspetor', Data de '2025-08-07 14:49:02.949490-03:00' para '2025-08-06 20:00:00-03:00'
2025-10-15 15:45:36,210 [INFO] Inspeção ID 10169: Inspetor de 'CARLOS_HENRIQUE - inspetor' para 'autoInspecaoNoturna - inspetor', Data de '2025-08-07 14:49:45.493511-03:00' para '2025-08-06 20:00:00-03:00'
2025-10-15 15:45:36,598 [INFO] Inspeção ID 10170: Inspetor de 'CARLOS_HENRIQUE - inspetor' para 'autoInspecaoNoturna - inspetor', Data de '2025-08-07 14:50:21.658614-03:00' para '2025-08-06 20:00:00-03:00'
2025-10-15 15:45:37,003 [INFO] Inspeção ID 10171: Inspetor de 'CARLOS_HENRIQUE - inspetor' para 'autoInspecaoNoturna - inspetor', Data de '2025-08-07 14:51:01.107025-03:00' para '2025-08-06 20:00:00-03:00'
2025-10-15 15:45:37,409 [INFO] Inspeção ID 10172: Inspetor de 'CARLOS_HENRIQUE - inspetor' para 'autoInspecaoNoturna - inspetor', Data de '2025-08-07 14:51:43.992887-03:00' para '2025-08-06 20:00:00-03:00'
2025-10-15 15:45:37,792 [INFO] Inspeção ID 10173: Inspetor de 'CARLOS_HENRIQUE - inspetor' para 'autoInspecaoNoturna - inspetor', Data de '2025-08-07 14:52:40.030487-03:00' para '2025-08-06 20:00:00-03:00'
2025-10-15 15:45:38,177 [INFO] Inspeção ID 10174: Inspetor de 'CARLOS_HENRIQUE - inspetor' para 'autoInspecaoNoturna - inspetor', Data de '2025-08-07 14:53:23.112192-03:00' para '2025-08-06 20:00:00-03:00'
2025-10-15 15:45:38,567 [INFO] Inspeção ID 10176: Inspetor de 'CARLOS_HENRIQUE - inspetor' para 'autoInspecaoNoturna - inspetor', Data de '2025-08-07 14:56:57.457895-03:00' para '2025-08-06 20:00:00-03:00'
2025-10-15 15:45:38,974 [INFO] Inspeção ID 10177: Inspetor de 'CARLOS_HENRIQUE - inspetor' para 'autoInspecaoNoturna - inspetor', Data de '2025-08-07 14:59:43.852562-03:00' para '2025-08-06 20:00:00-03:00'
2025-10-15 15:45:39,363 [INFO] Inspeção ID 10299: Inspetor de 'CARLOS_HENRIQUE - inspetor' para 'autoInspecaoNoturna - inspetor', Data de '2025-08-08 08:34:35.429034-03:00' para '2025-08-07 20:00:00-03:00'
2025-10-15 15:45:39,757 [INFO] Inspeção ID 10300: Inspetor de 'CARLOS_HENRIQUE - inspetor' para 'autoInspecaoNoturna - inspetor', Data de '2025-08-08 08:36:33.948138-03:00' para '2025-08-07 20:00:00-03:00'
2025-10-15 15:45:40,166 [INFO] Inspeção ID 10302: Inspetor de 'CARLOS_HENRIQUE - inspetor' para 'autoInspecaoNoturna - inspetor', Data de '2025-08-08 08:38:20.783130-03:00' para '2025-08-07 20:00:00-03:00'
2025-10-15 15:45:40,576 [INFO] Inspeção ID 10303: Inspetor de 'CARLOS_HENRIQUE - inspetor' para 'autoInspecaoNoturna - inspetor', Data de '2025-08-08 08:39:17.879023-03:00' para '2025-08-07 20:00:00-03:00'
2025-10-15 15:45:41,027 [INFO] Inspeção ID 10304: Inspetor de 'CARLOS_HENRIQUE - inspetor' para 'autoInspecaoNoturna - inspetor', Data de '2025-08-08 08:40:03.049604-03:00' para '2025-08-07 20:00:00-03:00'
2025-10-15 15:45:41,419 [INFO] Inspeção ID 10305: Inspetor de 'CARLOS_HENRIQUE - inspetor' para 'autoInspecaoNoturna - inspetor', Data de '2025-08-08 08:41:39.136736-03:00' para '2025-08-07 20:00:00-03:00'
2025-10-15 15:45:41,831 [INFO] Inspeção ID 10626: Inspetor de 'MATHEUS_NASCIMENTO - inspetor' para 'autoInspecaoNoturna - inspetor', Data de '2025-08-11 12:25:22.312324-03:00' para '2025-08-10 20:00:00-03:00'
2025-10-15 15:45:42,220 [INFO] Inspeção ID 10627: Inspetor de 'MATHEUS_NASCIMENTO - inspetor' para 'autoInspecaoNoturna - inspetor', Data de '2025-08-11 12:26:16.783003-03:00' para '2025-08-10 20:00:00-03:00'
2025-10-15 15:45:42,646 [INFO] Inspeção ID 10628: Inspetor de 'MATHEUS_NASCIMENTO - inspetor' para 'autoInspecaoNoturna - inspetor', Data de '2025-08-11 12:27:22.777090-03:00' para '2025-08-10 20:00:00-03:00'
2025-10-15 15:45:43,128 [INFO] Inspeção ID 10629: Inspetor de 'MATHEUS_NASCIMENTO - inspetor' para 'autoInspecaoNoturna - inspetor', Data de '2025-08-11 12:28:00.587076-03:00' para '2025-08-10 20:00:00-03:00'
2025-10-15 15:45:43,554 [INFO] Inspeção ID 10630: Inspetor de 'MATHEUS_NASCIMENTO - inspetor' para 'autoInspecaoNoturna - inspetor', Data de '2025-08-11 12:28:51.846966-03:00' para '2025-08-10 20:00:00-03:00'
2025-10-15 15:45:43,985 [INFO] Inspeção ID 10631: Inspetor de 'MATHEUS_NASCIMENTO - inspetor' para 'autoInspecaoNoturna - inspetor', Data de '2025-08-11 12:30:32.028838-03:00' para '2025-08-10 20:00:00-03:00'
2025-10-15 15:45:44,384 [INFO] Inspeção ID 10632: Inspetor de 'MATHEUS_NASCIMENTO - inspetor' para 'autoInspecaoNoturna - inspetor', Data de '2025-08-11 12:31:04.831329-03:00' para '2025-08-10 20:00:00-03:00'
2025-10-15 15:45:44,778 [INFO] Inspeção ID 10633: Inspetor de 'MATHEUS_NASCIMENTO - inspetor' para 'autoInspecaoNoturna - inspetor', Data de '2025-08-11 12:31:47.962877-03:00' para '2025-08-10 20:00:00-03:00'
2025-10-15 15:45:45,176 [INFO] Inspeção ID 10634: Inspetor de 'MATHEUS_NASCIMENTO - inspetor' para 'autoInspecaoNoturna - inspetor', Data de '2025-08-11 12:32:35.476987-03:00' para '2025-08-10 20:00:00-03:00'
2025-10-15 15:45:45,564 [INFO] Inspeção ID 10671: Inspetor de 'CARLOS_HENRIQUE - inspetor' para 'autoInspecaoNoturna - inspetor', Data de '2025-08-12 07:46:10.088489-03:00' para '2025-08-11 20:00:00-03:00'
2025-10-15 15:45:45,954 [INFO] Inspeção ID 10672: Inspetor de 'CARLOS_HENRIQUE - inspetor' para 'autoInspecaoNoturna - inspetor', Data de '2025-08-12 07:48:02.608002-03:00' para '2025-08-11 20:00:00-03:00'
2025-10-15 15:45:46,346 [INFO] Inspeção ID 10673: Inspetor de 'CARLOS_HENRIQUE - inspetor' para 'autoInspecaoNoturna - inspetor', Data de '2025-08-12 07:49:10.283289-03:00' para '2025-08-11 20:00:00-03:00'
2025-10-15 15:45:46,738 [INFO] Inspeção ID 10674: Inspetor de 'CARLOS_HENRIQUE - inspetor' para 'autoInspecaoNoturna - inspetor', Data de '2025-08-12 07:50:56.882490-03:00' para '2025-08-11 20:00:00-03:00'
2025-10-15 15:45:47,123 [INFO] Inspeção ID 10675: Inspetor de 'CARLOS_HENRIQUE - inspetor' para 'autoInspecaoNoturna - inspetor', Data de '2025-08-12 07:51:57.111774-03:00' para '2025-08-11 20:00:00-03:00'
2025-10-15 15:45:47,510 [INFO] Inspeção ID 10676: Inspetor de 'CARLOS_HENRIQUE - inspetor' para 'autoInspecaoNoturna - inspetor', Data de '2025-08-12 07:52:44.700749-03:00' para '2025-08-11 20:00:00-03:00'
2025-10-15 15:45:47,901 [INFO] Inspeção ID 10827: Inspetor de 'CARLOS_HENRIQUE - inspetor' para 'autoInspecaoNoturna - inspetor', Data de '2025-08-12 15:42:55.777130-03:00' para '2025-08-11 20:00:00-03:00'
2025-10-15 15:45:48,301 [INFO] Inspeção ID 10828: Inspetor de 'CARLOS_HENRIQUE - inspetor' para 'autoInspecaoNoturna - inspetor', Data de '2025-08-12 15:43:39.336939-03:00' para '2025-08-11 20:00:00-03:00'
2025-10-15 15:45:48,692 [INFO] Inspeção ID 10918: Inspetor de 'CARLOS_HENRIQUE - inspetor' para 'autoInspecaoNoturna - inspetor', Data de '2025-08-13 08:42:13.411271-03:00' para '2025-08-12 20:00:00-03:00'
2025-10-15 15:45:49,077 [INFO] Inspeção ID 10919: Inspetor de 'CARLOS_HENRIQUE - inspetor' para 'autoInspecaoNoturna - inspetor', Data de '2025-08-13 08:43:22.573131-03:00' para '2025-08-12 20:00:00-03:00'
2025-10-15 15:45:49,478 [INFO] Inspeção ID 10945: Inspetor de 'CARLOS_HENRIQUE - inspetor' para 'autoInspecaoNoturna - inspetor', Data de '2025-08-13 09:05:39.511525-03:00' para '2025-08-12 20:00:00-03:00'
2025-10-15 15:45:49,880 [INFO] Inspeção ID 10947: Inspetor de 'CARLOS_HENRIQUE - inspetor' para 'autoInspecaoNoturna - inspetor', Data de '2025-08-13 09:06:23.052460-03:00' para '2025-08-12 20:00:00-03:00'
2025-10-15 15:45:50,282 [INFO] Inspeção ID 10948: Inspetor de 'CARLOS_HENRIQUE - inspetor' para 'autoInspecaoNoturna - inspetor', Data de '2025-08-13 09:07:23.717878-03:00' para '2025-08-12 20:00:00-03:00'
2025-10-15 15:45:50,676 [INFO] Inspeção ID 11083: Inspetor de 'CARLOS_HENRIQUE - inspetor' para 'autoInspecaoNoturna - inspetor', Data de '2025-08-14 07:42:29.965643-03:00' para '2025-08-13 20:00:00-03:00'
2025-10-15 15:45:51,059 [INFO] Inspeção ID 11085: Inspetor de 'CARLOS_HENRIQUE - inspetor' para 'autoInspecaoNoturna - inspetor', Data de '2025-08-14 07:44:34.278594-03:00' para '2025-08-13 20:00:00-03:00'
2025-10-15 15:45:51,445 [INFO] Inspeção ID 11184: Inspetor de 'CARLOS_HENRIQUE - inspetor' para 'autoInspecaoNoturna - inspetor', Data de '2025-08-15 07:47:36.022684-03:00' para '2025-08-14 20:00:00-03:00'
2025-10-15 15:45:51,832 [INFO] Inspeção ID 11185: Inspetor de 'CARLOS_HENRIQUE - inspetor' para 'autoInspecaoNoturna - inspetor', Data de '2025-08-15 07:50:19.523350-03:00' para '2025-08-14 20:00:00-03:00'
2025-10-15 15:45:52,217 [INFO] Inspeção ID 11368: Inspetor de 'CARLOS_HENRIQUE - inspetor' para 'autoInspecaoNoturna - inspetor', Data de '2025-08-18 16:27:45.684218-03:00' para '2025-08-17 20:00:00-03:00'
2025-10-15 15:45:52,608 [INFO] Inspeção ID 11701: Inspetor de 'CARLOS_HENRIQUE - inspetor' para 'autoInspecaoNoturna - inspetor', Data de '2025-08-21 10:23:54.122977-03:00' para '2025-08-20 20:00:00-03:00'
2025-10-15 15:45:52,989 [INFO] Inspeção ID 11703: Inspetor de 'CARLOS_HENRIQUE - inspetor' para 'autoInspecaoNoturna - inspetor', Data de '2025-08-21 10:25:07.568829-03:00' para '2025-08-20 20:00:00-03:00'
2025-10-15 15:45:53,381 [INFO] Inspeção ID 11704: Inspetor de 'CARLOS_HENRIQUE - inspetor' para 'autoInspecaoNoturna - inspetor', Data de '2025-08-21 10:25:59.399960-03:00' para '2025-08-20 20:00:00-03:00'
2025-10-15 15:45:53,766 [INFO] Inspeção ID 11705: Inspetor de 'CARLOS_HENRIQUE - inspetor' para 'autoInspecaoNoturna - inspetor', Data de '2025-08-21 10:26:52.838904-03:00' para '2025-08-20 20:00:00-03:00'
2025-10-15 15:45:54,153 [INFO] Inspeção ID 11706: Inspetor de 'CARLOS_HENRIQUE - inspetor' para 'autoInspecaoNoturna - inspetor', Data de '2025-08-21 10:27:31.662314-03:00' para '2025-08-20 20:00:00-03:00'
2025-10-15 15:45:54,571 [INFO] Inspeção ID 11707: Inspetor de 'CARLOS_HENRIQUE - inspetor' para 'autoInspecaoNoturna - inspetor', Data de '2025-08-21 10:28:14.221142-03:00' para '2025-08-20 20:00:00-03:00'
2025-10-15 15:45:55,024 [INFO] Inspeção ID 11708: Inspetor de 'CARLOS_HENRIQUE - inspetor' para 'autoInspecaoNoturna - inspetor', Data de '2025-08-21 10:30:13.883753-03:00' para '2025-08-20 20:00:00-03:00'
2025-10-15 15:45:55,407 [INFO] Inspeção ID 11709: Inspetor de 'CARLOS_HENRIQUE - inspetor' para 'autoInspecaoNoturna - inspetor', Data de '2025-08-21 10:31:32.519211-03:00' para '2025-08-20 20:00:00-03:00'
2025-10-15 15:45:55,790 [INFO] Inspeção ID 11710: Inspetor de 'CARLOS_HENRIQUE - inspetor' para 'autoInspecaoNoturna - inspetor', Data de '2025-08-21 10:32:19.139666-03:00' para '2025-08-20 20:00:00-03:00'
2025-10-15 15:45:56,196 [INFO] Inspeção ID 11711: Inspetor de 'CARLOS_HENRIQUE - inspetor' para 'autoInspecaoNoturna - inspetor', Data de '2025-08-21 10:33:04.936860-03:00' para '2025-08-20 20:00:00-03:00'
2025-10-15 15:45:56,598 [INFO] Inspeção ID 11815: Inspetor de 'CARLOS_HENRIQUE - inspetor' para 'autoInspecaoNoturna - inspetor', Data de '2025-08-22 08:05:33.139164-03:00' para '2025-08-21 20:00:00-03:00'
2025-10-15 15:45:56,999 [INFO] Inspeção ID 11816: Inspetor de 'CARLOS_HENRIQUE - inspetor' para 'autoInspecaoNoturna - inspetor', Data de '2025-08-22 09:03:29.039623-03:00' para '2025-08-21 20:00:00-03:00'
2025-10-15 15:45:57,391 [INFO] Inspeção ID 11817: Inspetor de 'CARLOS_HENRIQUE - inspetor' para 'autoInspecaoNoturna - inspetor', Data de '2025-08-22 09:06:52.823355-03:00' para '2025-08-21 20:00:00-03:00'
2025-10-15 15:45:57,780 [INFO] Inspeção ID 11818: Inspetor de 'CARLOS_HENRIQUE - inspetor' para 'autoInspecaoNoturna - inspetor', Data de '2025-08-22 09:07:39.232209-03:00' para '2025-08-21 20:00:00-03:00'
2025-10-15 15:45:58,163 [INFO] Inspeção ID 11819: Inspetor de 'CARLOS_HENRIQUE - inspetor' para 'autoInspecaoNoturna - inspetor', Data de '2025-08-22 09:08:39.037758-03:00' para '2025-08-21 20:00:00-03:00'
2025-10-15 15:45:58,544 [INFO] Inspeção ID 11821: Inspetor de 'CARLOS_HENRIQUE - inspetor' para 'autoInspecaoNoturna - inspetor', Data de '2025-08-22 09:10:00.541014-03:00' para '2025-08-21 20:00:00-03:00'
2025-10-15 15:45:58,934 [INFO] Inspeção ID 11901: Inspetor de 'CARLOS_HENRIQUE - inspetor' para 'autoInspecaoNoturna - inspetor', Data de '2025-08-23 08:21:19.247163-03:00' para '2025-08-22 20:00:00-03:00'
2025-10-15 15:45:59,318 [INFO] Inspeção ID 11902: Inspetor de 'CARLOS_HENRIQUE - inspetor' para 'autoInspecaoNoturna - inspetor', Data de '2025-08-23 08:23:11.369550-03:00' para '2025-08-22 20:00:00-03:00'
2025-10-15 15:45:59,708 [INFO] Inspeção ID 11903: Inspetor de 'CARLOS_HENRIQUE - inspetor' para 'autoInspecaoNoturna - inspetor', Data de '2025-08-23 08:24:25.078352-03:00' para '2025-08-22 20:00:00-03:00'
2025-10-15 15:46:00,094 [INFO] Inspeção ID 11904: Inspetor de 'CARLOS_HENRIQUE - inspetor' para 'autoInspecaoNoturna - inspetor', Data de '2025-08-23 08:25:14.994165-03:00' para '2025-08-22 20:00:00-03:00'
2025-10-15 15:46:00,483 [INFO] Inspeção ID 11905: Inspetor de 'CARLOS_HENRIQUE - inspetor' para 'autoInspecaoNoturna - inspetor', Data de '2025-08-23 08:30:34.091852-03:00' para '2025-08-22 20:00:00-03:00'
2025-10-15 15:46:00,875 [INFO] Inspeção ID 11908: Inspetor de 'CARLOS_HENRIQUE - inspetor' para 'autoInspecaoNoturna - inspetor', Data de '2025-08-23 08:33:59.243695-03:00' para '2025-08-22 20:00:00-03:00'
2025-10-15 15:46:01,276 [INFO] Inspeção ID 11912: Inspetor de 'CARLOS_HENRIQUE - inspetor' para 'autoInspecaoNoturna - inspetor', Data de '2025-08-23 08:35:55.786485-03:00' para '2025-08-22 20:00:00-03:00'
2025-10-15 15:46:01,670 [INFO] Inspeção ID 12134: Inspetor de 'CARLOS_HENRIQUE - inspetor' para 'autoInspecaoNoturna - inspetor', Data de '2025-08-26 08:18:32.531029-03:00' para '2025-08-25 20:00:00-03:00'
2025-10-15 15:46:02,061 [INFO] Inspeção ID 12135: Inspetor de 'CARLOS_HENRIQUE - inspetor' para 'autoInspecaoNoturna - inspetor', Data de '2025-08-26 08:19:32.324434-03:00' para '2025-08-25 20:00:00-03:00'
2025-10-15 15:46:02,449 [INFO] Inspeção ID 12136: Inspetor de 'CARLOS_HENRIQUE - inspetor' para 'autoInspecaoNoturna - inspetor', Data de '2025-08-26 08:20:09.211771-03:00' para '2025-08-25 20:00:00-03:00'
2025-10-15 15:46:02,834 [INFO] Inspeção ID 12137: Inspetor de 'CARLOS_HENRIQUE - inspetor' para 'autoInspecaoNoturna - inspetor', Data de '2025-08-26 08:23:11.507302-03:00' para '2025-08-25 20:00:00-03:00'
2025-10-15 15:46:03,224 [INFO] Inspeção ID 12138: Inspetor de 'CARLOS_HENRIQUE - inspetor' para 'autoInspecaoNoturna - inspetor', Data de '2025-08-26 08:23:49.378138-03:00' para '2025-08-25 20:00:00-03:00'
2025-10-15 15:46:03,609 [INFO] Inspeção ID 12139: Inspetor de 'CARLOS_HENRIQUE - inspetor' para 'autoInspecaoNoturna - inspetor', Data de '2025-08-26 08:24:21.841323-03:00' para '2025-08-25 20:00:00-03:00'
2025-10-15 15:46:03,999 [INFO] Inspeção ID 12446: Inspetor de 'CARLOS_HENRIQUE - inspetor' para 'autoInspecaoNoturna - inspetor', Data de '2025-08-27 13:23:19.692283-03:00' para '2025-08-26 20:00:00-03:00'
2025-10-15 15:46:04,390 [INFO] Inspeção ID 12447: Inspetor de 'CARLOS_HENRIQUE - inspetor' para 'autoInspecaoNoturna - inspetor', Data de '2025-08-27 13:24:18.782313-03:00' para '2025-08-26 20:00:00-03:00'
2025-10-15 15:46:04,778 [INFO] Inspeção ID 12448: Inspetor de 'CARLOS_HENRIQUE - inspetor' para 'autoInspecaoNoturna - inspetor', Data de '2025-08-27 13:25:16.523583-03:00' para '2025-08-26 20:00:00-03:00'
2025-10-15 15:46:05,161 [INFO] Inspeção ID 12449: Inspetor de 'CARLOS_HENRIQUE - inspetor' para 'autoInspecaoNoturna - inspetor', Data de '2025-08-27 13:26:01.795535-03:00' para '2025-08-26 20:00:00-03:00'
2025-10-15 15:46:05,547 [INFO] Inspeção ID 12450: Inspetor de 'CARLOS_HENRIQUE - inspetor' para 'autoInspecaoNoturna - inspetor', Data de '2025-08-27 13:26:46.698405-03:00' para '2025-08-26 20:00:00-03:00'
2025-10-15 15:46:05,928 [INFO] Inspeção ID 12452: Inspetor de 'CARLOS_HENRIQUE - inspetor' para 'autoInspecaoNoturna - inspetor', Data de '2025-08-27 13:27:36.773079-03:00' para '2025-08-26 20:00:00-03:00'
2025-10-15 15:46:06,327 [INFO] Inspeção ID 12454: Inspetor de 'CARLOS_HENRIQUE - inspetor' para 'autoInspecaoNoturna - inspetor', Data de '2025-08-27 13:28:26.530863-03:00' para '2025-08-26 20:00:00-03:00'
2025-10-15 15:46:06,707 [INFO] Inspeção ID 12457: Inspetor de 'CARLOS_HENRIQUE - inspetor' para 'autoInspecaoNoturna - inspetor', Data de '2025-08-27 13:29:19.532505-03:00' para '2025-08-26 20:00:00-03:00'
2025-10-15 15:46:07,136 [INFO] Inspeção ID 12689: Inspetor de 'CARLOS_HENRIQUE - inspetor' para 'autoInspecaoNoturna - inspetor', Data de '2025-08-28 15:29:39.004058-03:00' para '2025-08-27 20:00:00-03:00'
2025-10-15 15:46:07,523 [INFO] Inspeção ID 12690: Inspetor de 'CARLOS_HENRIQUE - inspetor' para 'autoInspecaoNoturna - inspetor', Data de '2025-08-28 15:30:52.498127-03:00' para '2025-08-27 20:00:00-03:00'
2025-10-15 15:46:07,943 [INFO] Inspeção ID 12691: Inspetor de 'CARLOS_HENRIQUE - inspetor' para 'autoInspecaoNoturna - inspetor', Data de '2025-08-28 15:31:36.746364-03:00' para '2025-08-27 20:00:00-03:00'
2025-10-15 15:46:08,348 [INFO] Inspeção ID 12692: Inspetor de 'CARLOS_HENRIQUE - inspetor' para 'autoInspecaoNoturna - inspetor', Data de '2025-08-28 15:33:07.416581-03:00' para '2025-08-27 20:00:00-03:00'
2025-10-15 15:46:08,753 [INFO] Inspeção ID 12693: Inspetor de 'CARLOS_HENRIQUE - inspetor' para 'autoInspecaoNoturna - inspetor', Data de '2025-08-28 15:33:44.432806-03:00' para '2025-08-27 20:00:00-03:00'
2025-10-15 15:46:09,141 [INFO] Inspeção ID 12694: Inspetor de 'CARLOS_HENRIQUE - inspetor' para 'autoInspecaoNoturna - inspetor', Data de '2025-08-28 15:34:45.697732-03:00' para '2025-08-27 20:00:00-03:00'
2025-10-15 15:46:09,531 [INFO] Inspeção ID 12695: Inspetor de 'CARLOS_HENRIQUE - inspetor' para 'autoInspecaoNoturna - inspetor', Data de '2025-08-28 15:36:07.578892-03:00' para '2025-08-27 20:00:00-03:00'
2025-10-15 15:46:09,928 [INFO] Inspeção ID 12785: Inspetor de 'CARLOS_HENRIQUE - inspetor' para 'autoInspecaoNoturna - inspetor', Data de '2025-08-29 10:25:19.299483-03:00' para '2025-08-28 20:00:00-03:00'
2025-10-15 15:46:10,329 [INFO] Inspeção ID 12786: Inspetor de 'CARLOS_HENRIQUE - inspetor' para 'autoInspecaoNoturna - inspetor', Data de '2025-08-29 10:26:56.278306-03:00' para '2025-08-28 20:00:00-03:00'
2025-10-15 15:46:10,727 [INFO] Inspeção ID 12788: Inspetor de 'CARLOS_HENRIQUE - inspetor' para 'autoInspecaoNoturna - inspetor', Data de '2025-08-29 10:29:51.121943-03:00' para '2025-08-28 20:00:00-03:00'
2025-10-15 15:46:11,110 [INFO] Inspeção ID 12789: Inspetor de 'CARLOS_HENRIQUE - inspetor' para 'autoInspecaoNoturna - inspetor', Data de '2025-08-29 10:31:12.635664-03:00' para '2025-08-28 20:00:00-03:00'
2025-10-15 15:46:11,507 [INFO] Inspeção ID 12790: Inspetor de 'CARLOS_HENRIQUE - inspetor' para 'autoInspecaoNoturna - inspetor', Data de '2025-08-29 10:32:02.178792-03:00' para '2025-08-28 20:00:00-03:00'
2025-10-15 15:46:11,892 [INFO] Inspeção ID 12791: Inspetor de 'CARLOS_HENRIQUE - inspetor' para 'autoInspecaoNoturna - inspetor', Data de '2025-08-29 10:33:21.969759-03:00' para '2025-08-28 20:00:00-03:00'
2025-10-15 15:46:12,275 [INFO] Inspeção ID 12792: Inspetor de 'CARLOS_HENRIQUE - inspetor' para 'autoInspecaoNoturna - inspetor', Data de '2025-08-29 10:38:50.362365-03:00' para '2025-08-28 20:00:00-03:00'
2025-10-15 15:46:12,668 [INFO] Inspeção ID 13002: Inspetor de 'CARLOS_HENRIQUE - inspetor' para 'autoInspecaoNoturna - inspetor', Data de '2025-09-01 09:33:00.988920-03:00' para '2025-08-31 20:00:00-03:00'
2025-10-15 15:46:13,055 [INFO] Inspeção ID 13005: Inspetor de 'CARLOS_HENRIQUE - inspetor' para 'autoInspecaoNoturna - inspetor', Data de '2025-09-01 09:42:01.992665-03:00' para '2025-08-31 20:00:00-03:00'
2025-10-15 15:46:13,453 [INFO] Inspeção ID 13006: Inspetor de 'CARLOS_HENRIQUE - inspetor' para 'autoInspecaoNoturna - inspetor', Data de '2025-09-01 09:46:07.161965-03:00' para '2025-08-31 20:00:00-03:00'
2025-10-15 15:46:13,841 [INFO] Inspeção ID 13007: Inspetor de 'CARLOS_HENRIQUE - inspetor' para 'autoInspecaoNoturna - inspetor', Data de '2025-09-01 09:47:16.410981-03:00' para '2025-08-31 20:00:00-03:00'
2025-10-15 15:46:14,238 [INFO] Inspeção ID 13008: Inspetor de 'CARLOS_HENRIQUE - inspetor' para 'autoInspecaoNoturna - inspetor', Data de '2025-09-01 09:49:45.661038-03:00' para '2025-08-31 20:00:00-03:00'
2025-10-15 15:46:14,337 [INFO] Atualização concluída. Total de inspeções atualizadas: 142
